app/seeds.txt
com.lbconsulting.password2.BuildConfig
com.lbconsulting.password2.BuildConfig: boolean DEBUG
com.lbconsulting.password2.BuildConfig: java.lang.String APPLICATION_ID
com.lbconsulting.password2.BuildConfig: java.lang.String BUILD_TYPE
com.lbconsulting.password2.BuildConfig: java.lang.String FLAVOR
com.lbconsulting.password2.BuildConfig: int VERSION_CODE
com.lbconsulting.password2.BuildConfig: java.lang.String VERSION_NAME
com.lbconsulting.password2.BuildConfig: BuildConfig()
com.lbconsulting.password2.R
com.lbconsulting.password2.R: R()
com.lbconsulting.password2.R$array
com.lbconsulting.password2.R$array: int credit_card_names
com.lbconsulting.password2.R$array: int item_categories
com.lbconsulting.password2.R$array: int item_types
com.lbconsulting.password2.R$array: int longevityItems_list
com.lbconsulting.password2.R$array: int pref_example_list_titles
com.lbconsulting.password2.R$array: int pref_example_list_values
com.lbconsulting.password2.R$array: int pref_sync_frequency_titles
com.lbconsulting.password2.R$array: int pref_sync_frequency_values
com.lbconsulting.password2.R$array: int syncPreference_list
com.lbconsulting.password2.R$array: int updatePeriodicity_list
com.lbconsulting.password2.R$array: R$array()
com.lbconsulting.password2.R$attr
com.lbconsulting.password2.R$attr: R$attr()
com.lbconsulting.password2.R$color
com.lbconsulting.password2.R$color: int almondBlanched
com.lbconsulting.password2.R$color: int aqua
com.lbconsulting.password2.R$color: int aquaMarine
com.lbconsulting.password2.R$color: int aquaMarineMedium
com.lbconsulting.password2.R$color: int azure
com.lbconsulting.password2.R$color: int beige
com.lbconsulting.password2.R$color: int bisque
com.lbconsulting.password2.R$color: int black
com.lbconsulting.password2.R$color: int blue
com.lbconsulting.password2.R$color: int blueAlice
com.lbconsulting.password2.R$color: int blueCadet
com.lbconsulting.password2.R$color: int blueCornFlower
com.lbconsulting.password2.R$color: int blueDark
com.lbconsulting.password2.R$color: int blueDodger
com.lbconsulting.password2.R$color: int blueLateDark
com.lbconsulting.password2.R$color: int blueLight
com.lbconsulting.password2.R$color: int blueMedium
com.lbconsulting.password2.R$color: int blueMidnight
com.lbconsulting.password2.R$color: int bluePowder
com.lbconsulting.password2.R$color: int blueRoyal
com.lbconsulting.password2.R$color: int blueSky
com.lbconsulting.password2.R$color: int blueSkyDeep
com.lbconsulting.password2.R$color: int blueSkyLight
com.lbconsulting.password2.R$color: int blueSlate
com.lbconsulting.password2.R$color: int blueSlateMedium
com.lbconsulting.password2.R$color: int blueSteel
com.lbconsulting.password2.R$color: int blueSteelLight
com.lbconsulting.password2.R$color: int blueViolet
com.lbconsulting.password2.R$color: int brown
com.lbconsulting.password2.R$dimen
com.lbconsulting.password2.R$dimen: int activity_horizontal_padding
com.lbconsulting.password2.R$dimen: int activity_vertical_padding
com.lbconsulting.password2.R$dimen: int dialogWidth
com.lbconsulting.password2.R$dimen: int fragment_padding
com.lbconsulting.password2.R$dimen: int list_view_double_row_padding
com.lbconsulting.password2.R$dimen: int list_view_single_row_padding
com.lbconsulting.password2.R$dimen: int list_view_triple_row_padding
com.lbconsulting.password2.R$dimen: int numberPickerWidth
com.lbconsulting.password2.R$dimen: int quickContactBadgeDim
com.lbconsulting.password2.R$dimen: int row_spn_values_vertical_padding
com.lbconsulting.password2.R$dimen: int view_horizontal_margin
com.lbconsulting.password2.R$dimen: int view_vertical_margin
com.lbconsulting.password2.R$dimen: R$dimen()
...
org.apache.commons.io.output.TaggedOutputStream
org.apache.commons.io.output.TaggedOutputStream: TaggedOutputStream(java.io.OutputStream)
org.apache.commons.io.output.TaggedOutputStream: boolean isCauseOf(java.lang.Exception)
org.apache.commons.io.output.TaggedOutputStream: void throwIfCauseOf(java.lang.Exception)
org.apache.commons.io.output.TaggedOutputStream: void handleIOException(java.io.IOException)
org.apache.commons.io.output.TeeOutputStream
org.apache.commons.io.output.TeeOutputStream: java.io.OutputStream branch
org.apache.commons.io.output.TeeOutputStream: TeeOutputStream(java.io.OutputStream,java.io.OutputStream)
org.apache.commons.io.output.TeeOutputStream: void write(byte[])
org.apache.commons.io.output.TeeOutputStream: void write(byte[],int,int)
org.apache.commons.io.output.TeeOutputStream: void write(int)
org.apache.commons.io.output.TeeOutputStream: void flush()
org.apache.commons.io.output.TeeOutputStream: void close()
org.apache.commons.io.output.ThresholdingOutputStream
org.apache.commons.io.output.ThresholdingOutputStream: ThresholdingOutputStream(int)
org.apache.commons.io.output.ThresholdingOutputStream: void write(int)
org.apache.commons.io.output.ThresholdingOutputStream: void write(byte[])
org.apache.commons.io.output.ThresholdingOutputStream: void write(byte[],int,int)
org.apache.commons.io.output.ThresholdingOutputStream: void flush()
org.apache.commons.io.output.ThresholdingOutputStream: void close()
org.apache.commons.io.output.ThresholdingOutputStream: int getThreshold()
org.apache.commons.io.output.ThresholdingOutputStream: long getByteCount()
org.apache.commons.io.output.ThresholdingOutputStream: boolean isThresholdExceeded()
org.apache.commons.io.output.ThresholdingOutputStream: void checkThreshold(int)
org.apache.commons.io.output.ThresholdingOutputStream: void resetByteCount()
org.apache.commons.io.output.ThresholdingOutputStream: java.io.OutputStream getStream()
org.apache.commons.io.output.ThresholdingOutputStream: void thresholdReached()
org.apache.commons.io.output.WriterOutputStream
org.apache.commons.io.output.WriterOutputStream: WriterOutputStream(java.io.Writer,java.nio.charset.CharsetDecoder)
org.apache.commons.io.output.WriterOutputStream: WriterOutputStream(java.io.Writer,java.nio.charset.CharsetDecoder,int,boolean)
org.apache.commons.io.output.WriterOutputStream: WriterOutputStream(java.io.Writer,java.nio.charset.Charset,int,boolean)
org.apache.commons.io.output.WriterOutputStream: WriterOutputStream(java.io.Writer,java.nio.charset.Charset)
org.apache.commons.io.output.WriterOutputStream: WriterOutputStream(java.io.Writer,java.lang.String,int,boolean)
org.apache.commons.io.output.WriterOutputStream: WriterOutputStream(java.io.Writer,java.lang.String)
org.apache.commons.io.output.WriterOutputStream: WriterOutputStream(java.io.Writer)
org.apache.commons.io.output.WriterOutputStream: void write(byte[],int,int)
org.apache.commons.io.output.WriterOutputStream: void write(byte[])
org.apache.commons.io.output.WriterOutputStream: void write(int)
org.apache.commons.io.output.WriterOutputStream: void flush()
org.apache.commons.io.output.WriterOutputStream: void close()
org.apache.commons.io.output.XmlStreamWriter
org.apache.commons.io.output.XmlStreamWriter: XmlStreamWriter(java.io.OutputStream)
org.apache.commons.io.output.XmlStreamWriter: XmlStreamWriter(java.io.OutputStream,java.lang.String)
org.apache.commons.io.output.XmlStreamWriter: XmlStreamWriter(java.io.File)
org.apache.commons.io.output.XmlStreamWriter: XmlStreamWriter(java.io.File,java.lang.String)
org.apache.commons.io.output.XmlStreamWriter: java.lang.String getEncoding()
org.apache.commons.io.output.XmlStreamWriter: java.lang.String getDefaultEncoding()
org.apache.commons.io.output.XmlStreamWriter: void close()
org.apache.commons.io.output.XmlStreamWriter: void flush()
org.apache.commons.io.output.XmlStreamWriter: void write(char[],int,int)