app/mapping.txt
com.lbconsulting.password2.BuildConfig -> com.lbconsulting.password2.BuildConfig:
    boolean DEBUG -> DEBUG
    java.lang.String APPLICATION_ID -> APPLICATION_ID
    java.lang.String BUILD_TYPE -> BUILD_TYPE
    java.lang.String FLAVOR -> FLAVOR
    int VERSION_CODE -> VERSION_CODE
    java.lang.String VERSION_NAME -> VERSION_NAME
com.lbconsulting.password2.R -> com.lbconsulting.password2.R:
com.lbconsulting.password2.R$array -> com.lbconsulting.password2.R$array:
    int credit_card_names -> credit_card_names
    int item_categories -> item_categories
    int item_types -> item_types
    int longevityItems_list -> longevityItems_list
    int pref_example_list_titles -> pref_example_list_titles
    int pref_example_list_values -> pref_example_list_values
    int pref_sync_frequency_titles -> pref_sync_frequency_titles
    int pref_sync_frequency_values -> pref_sync_frequency_values
    int syncPreference_list -> syncPreference_list
    int updatePeriodicity_list -> updatePeriodicity_list
com.lbconsulting.password2.R$attr -> com.lbconsulting.password2.R$attr:
com.lbconsulting.password2.R$color -> com.lbconsulting.password2.R$color:
    int almondBlanched -> almondBlanched
    int aqua -> aqua
    int aquaMarine -> aquaMarine
    int aquaMarineMedium -> aquaMarineMedium
    int azure -> azure
    int beige -> beige
    int bisque -> bisque
    int black -> black
    int blue -> blue
    int blueAlice -> blueAlice
    int blueCadet -> blueCadet
    int blueCornFlower -> blueCornFlower
    int blueDark -> blueDark
    int blueDodger -> blueDodger
    int blueLateDark -> blueLateDark
    int blueLight -> blueLight
    int blueMedium -> blueMedium
    int blueMidnight -> blueMidnight
    int bluePowder -> bluePowder
    int blueRoyal -> blueRoyal
    int blueSky -> blueSky
    int blueSkyDeep -> blueSkyDeep
    int blueSkyLight -> blueSkyLight
    int blueSlate -> blueSlate
    int blueSlateMedium -> blueSlateMedium
    int blueSteel -> blueSteel
    int blueSteelLight -> blueSteelLight
    int blueViolet -> blueViolet
    int brown -> brown
    int brownRosy -> brownRosy
    int brownSaddle -> brownSaddle
    int brownSandy -> brownSandy
    int burlywood -> burlywood
    int chartreuse -> chartreuse
    int chocolate -> chocolate
    int coral -> coral
    int coralLight -> coralLight
    int cornsilk -> cornsilk
    int crimson -> crimson
    int cyan -> cyan
    int cyanDark -> cyanDark
    int cyanLight -> cyanLight
    int firebrick -> firebrick
    int fuchsia -> fuchsia
    int gainsboro -> gainsboro
    int gold -> gold
com.lbconsulting.password2.R$dimen -> com.lbconsulting.password2.R$dimen:
    int activity_horizontal_padding -> activity_horizontal_padding
    int activity_vertical_padding -> activity_vertical_padding
    int dialogWidth -> dialogWidth
    int fragment_padding -> fragment_padding
    int list_view_double_row_padding -> list_view_double_row_padding
    int list_view_single_row_padding -> list_view_single_row_padding
    int list_view_triple_row_padding -> list_view_triple_row_padding
    int numberPickerWidth -> numberPickerWidth
    int quickContactBadgeDim -> quickContactBadgeDim
    int row_spn_values_vertical_padding -> row_spn_values_vertical_padding
    int view_horizontal_margin -> view_horizontal_margin
    int view_vertical_margin -> view_vertical_margin
...
org.apache.commons.io.input.BOMInputStream -> org.apache.commons.io.input.BOMInputStream:
    boolean include -> a
    java.util.List boms -> b
    org.apache.commons.io.ByteOrderMark byteOrderMark -> c
    int[] firstBytes -> d
    int fbLength -> e
    int fbIndex -> f
    int markFbIndex -> g
    boolean markedAtStart -> h
    java.util.Comparator ByteOrderMarkLengthComparator -> i
    182:182:boolean hasBOM() -> hasBOM
    197:200:boolean hasBOM(org.apache.commons.io.ByteOrderMark) -> hasBOM
    211:236:org.apache.commons.io.ByteOrderMark getBOM() -> getBOM
    248:249:java.lang.String getBOMCharsetName() -> getBOMCharsetName
    262:263:int readFirstBytes() -> a
    272:277:org.apache.commons.io.ByteOrderMark find() -> b
    292:297:boolean matches(org.apache.commons.io.ByteOrderMark) -> a
    313:314:int read() -> read
    332:343:int read(byte[],int,int) -> read
    357:357:int read(byte[]) -> read
    368:371:void mark(int) -> mark
    381:387:void reset() -> reset
    400:403:long skip(long) -> skip
org.apache.commons.io.input.BOMInputStream$1 -> gu:
    140:148:int compare(org.apache.commons.io.ByteOrderMark,org.apache.commons.io.ByteOrderMark) -> a
    137:137:int compare(java.lang.Object,java.lang.Object) -> compare
org.apache.commons.io.input.BoundedInputStream -> org.apache.commons.io.input.BoundedInputStream:
    java.io.InputStream in -> a
    long max -> b
    long pos -> c
    long mark -> d
    boolean propagateClose -> e
    86:91:int read() -> read
    103:103:int read(byte[]) -> read
    117:128:int read(byte[],int,int) -> read
    139:142:long skip(long) -> skip
    150:153:int available() -> available
    162:162:java.lang.String toString() -> toString
    172:175:void close() -> close
    183:185:void reset() -> reset
    193:195:void mark(int) -> mark
    203:203:boolean markSupported() -> markSupported
    215:215:boolean isPropagateClose() -> isPropagateClose
    228:229:void setPropagateClose(boolean) -> setPropagateClose
org.apache.commons.io.input.BrokenInputStream -> org.apache.commons.io.input.BrokenInputStream:
    java.io.IOException exception -> a
    62:62:int read() -> read
    73:73:int available() -> available
    85:85:long skip(long) -> skip
    95:95:void reset() -> reset
    105:105:void close() -> close
org.apache.commons.io.input.CharSequenceInputStream -> org.apache.commons.io.input.CharSequenceInputStream:
    java.nio.charset.CharsetEncoder encoder -> a
    java.nio.CharBuffer cbuf -> b
    java.nio.ByteBuffer bbuf -> c
    int mark -> d
    104:110:void fillBuffer() -> a
    114:142:int read(byte[],int,int) -> read
    148:153:int read() -> read
    161:161:int read(byte[]) -> read
    166:172:long skip(long) -> skip
    177:177:int available() -> available
    182:182:void close() -> close
    190:191:void mark(int) -> mark
    195:199:void reset() -> reset
    203:203:boolean markSupported() -> markSupported
org.apache.commons.io.input.CharSequenceReader -> org.apache.commons.io.input.CharSequenceReader:
    java.lang.CharSequence charSequence -> a
    int idx -> b
    int mark -> c
    51:53:void close() -> close
    62:63:void mark(int) -> mark
    72:72:boolean markSupported() -> markSupported
    83:86:int read() -> read
    101:120:int read(char[],int,int) -> read
    129:130:void reset() -> reset
    140:150:long skip(long) -> skip
    161:161:java.lang.String toString() -> toString
org.apache.commons.io.input.ClassLoaderObjectInputStream -> org.apache.commons.io.input.ClassLoaderObjectInputStream:
    java.lang.ClassLoader classLoader -> a
    68:75:java.lang.Class resolveClass(java.io.ObjectStreamClass) -> resolveClass
    93:100:java.lang.Class resolveProxyClass(java.lang.String[]) -> resolveProxyClass
org.apache.commons.io.input.CloseShieldInputStream -> org.apache.commons.io.input.CloseShieldInputStream:
    50:51:void close() -> close